<?xml version="1.0" encoding="utf-8"?><testsuites name="pytest tests"><testsuite name="pytest" errors="0" failures="0" skipped="0" tests="23" time="6.029" timestamp="2026-08-25T13:40:42.144228+00:00" hostname="agent-env-7dd0afdb-b9d3-4a1d-a4c2-d80846db3ecc"><testcase classname="tests.backend_test.TestBookings" name="test_create_booking_and_get" time="0.790" /><testcase classname="tests.backend_test.TestAuth" name="test_login_success" time="0.648" /><testcase classname="tests.backend_test.TestAuth" name="test_login_invalid_password" time="0.457" /><testcase classname="tests.backend_test.TestBookings" name="test_booking_id_increments" time="0.458" /><testcase classname="tests.backend_test.TestAuth" name="test_me_requires_token" time="0.239" /><testcase classname="tests.backend_test.TestBookings" name="test_get_booking_not_found" time="0.157" /><testcase classname="tests.backend_test.TestAuth" name="test_me_with_token" time="0.641" /><testcase classname="tests.backend_test.TestAuth" name="test_me_invalid_token" time="0.140" /><testcase classname="tests.backend_test.TestBookings" name="test_booking_status_flow" time="1.301" /><testcase classname="tests.backend_test.TestSeed" name="test_vehicles_seeded" time="0.217" /><testcase classname="tests.backend_test.TestSeed" name="test_destinations_seeded" time="0.240" /><testcase classname="tests.backend_test.TestAdminVehicleCRUD" name="test_crud_flow" time="0.809" /><testcase classname="tests.backend_test.TestSettings" name="test_get_settings_default" time="0.145" /><testcase classname="tests.backend_test.TestSettings" name="test_put_settings_requires_auth" time="0.268" /><testcase classname="tests.backend_test.TestSettings" name="test_put_settings_with_auth" time="0.671" /><testcase classname="tests.backend_test.TestAdminVehicleCRUD" name="test_requires_auth" time="0.179" /><testcase classname="tests.backend_test.TestStats" name="test_stats_requires_auth" time="0.175" /><testcase classname="tests.backend_test.TestStats" name="test_stats_returns_counts" time="0.179" /><testcase classname="tests.backend_test.TestAdminDestinationCRUD" name="test_crud" time="0.526" /><testcase classname="tests.backend_test.TestAdminGalleryCRUD" name="test_crud" time="0.344" /><testcase classname="tests.backend_test.TestReviews" name="test_public_only_returns_approved" time="1.055" /><testcase classname="tests.backend_test.TestAdminTourCRUD" name="test_crud" time="0.511" /><testcase classname="tests.backend_test.TestContact" name="test_submit_contact" time="0.172" /></testsuite></testsuites>